[www.npokerslot.com/index.html]
[static.parastorage.com/unpkg/core-js-bundle@3.2.1/minified.js]
[static.parastorage.com/unpkg/focus-within-polyfill@5.0.9/dist/focus-within-polyfill.js]
[polyfill.io/v3/polyfill.mind82c.js]
[browser.sentry-cdn.com/6.18.2/bundle.min.js]
[www.npokerslot.com/decodeURIComponent(e]
[backblue.gif]
[fade.gif]
[index.html]
[www.npokerslot.com/sitemap.xml]
[www.npokerslot.com/feed.xml]
[static.parastorage.com/services/wix-thunderbolt/dist/ab-test-compilation/thunderbolt-commons.62201884.bundle.min.js]
[static.parastorage.com/services/wix-thunderbolt/dist/ab-test-compilation/main.0ea1ca3c.bundle.min.js]
[static.parastorage.com/unpkg/lodash@4.17.21/lodash.min.js]
[static.parastorage.com/unpkg/react@16.14.0/umd/react.production.min.js]
[static.parastorage.com/services/tag-manager-client/1.705.0/siteTags.bundle.min.js]
[static.parastorage.com/services/wix-perf-measure/1.1051.0/wix-perf-measure.umd.min.js]
[static.parastorage.com/unpkg/react-dom@16.14.0/umd/react-dom.production.min.js]
[static.wixstatic.com/media/84770f_b793238cca0f44718eb2e11b0a184320f000.jpg/v1/fill/w_147,h_83,al_c,q_80,usm_0.66_1.00_0.01,blur_2,enc_auto/84770f_b793238cca0f44718eb2e11b0a184320f000.jpg]
[www.npokerslot.com/index.html]
[www.npokerslot.com/decodeURIComponent(e.html]
[www.npokerslot.com/feed.html]
